Arguments: 
  /Users/kevinyeh/.nvm/versions/node/v8.8.1/bin/node /Users/kevinyeh/.nvm/versions/node/v8.8.1/bin/yarn start

PATH: 
  /Users/kevinyeh/.nvm/versions/node/v8.8.1/bin:/usr/local/bin:/usr/bin:/bin:/usr/sbin:/sbin

Yarn version: 
  1.5.1

Node version: 
  8.8.1

Platform: 
  darwin x64

npm manifest: 
  {
    "name": "react-router-play-around",
    "version": "1.0.0",
    "description": "a repo to play around the react router",
    "main": "index.js",
    "scripts": {
      "test": "echo \"Error: no test specified\" && exit 1"
    },
    "repository": {
      "type": "git",
      "url": "git+https://github.com/KevinYingWeiYeh/React-Router-Play-Around.git"
    },
    "author": "Kevin Yeh",
    "license": "MIT",
    "bugs": {
      "url": "https://github.com/KevinYingWeiYeh/React-Router-Play-Around/issues"
    },
    "homepage": "https://github.com/KevinYingWeiYeh/React-Router-Play-Around#readme"
  }

yarn manifest: 
  No manifest

Lockfile: 
  No lockfile

Trace: 
  Error: Command "start" not found.
      at new MessageError (/Users/kevinyeh/.nvm/versions/node/v8.8.1/lib/node_modules/yarn/lib/cli.js:186:110)
      at /Users/kevinyeh/.nvm/versions/node/v8.8.1/lib/node_modules/yarn/lib/cli.js:87307:17
      at Generator.next (<anonymous>)
      at step (/Users/kevinyeh/.nvm/versions/node/v8.8.1/lib/node_modules/yarn/lib/cli.js:98:30)
      at /Users/kevinyeh/.nvm/versions/node/v8.8.1/lib/node_modules/yarn/lib/cli.js:116:14
      at new Promise (<anonymous>)
      at new F (/Users/kevinyeh/.nvm/versions/node/v8.8.1/lib/node_modules/yarn/lib/cli.js:23451:28)
      at /Users/kevinyeh/.nvm/versions/node/v8.8.1/lib/node_modules/yarn/lib/cli.js:95:12
      at runCommand (/Users/kevinyeh/.nvm/versions/node/v8.8.1/lib/node_modules/yarn/lib/cli.js:87312:22)
      at Object.<anonymous> (/Users/kevinyeh/.nvm/versions/node/v8.8.1/lib/node_modules/yarn/lib/cli.js:87412:14)
